{
    "time": "Sat, 29 Mar 2025 19:34:14 +0100",
    "server": "localhost",
    "ip": "::1",
    "errno": "8192 (Deprecated Notice)",
    "errstr": "Zalo/ZaloApp implements the Serializable interface, which is deprecated. Implement __serialize() and __unserialize() instead (or in addition, if support for old PHP versions is necessary)",
    "file": "/includes/vendor/zaloplatform/zalo-php-sdk/src/ZaloApp.php",
    "line": 17,
    "request": "/nukeviet-nukeviet2/src/admin/vi/zalo/",
    "method": "GET",
    "agent": "Mozilla/5.0 (Windows NT 10.0; Win64; x64) AppleWebKit/537.36 (KHTML, like Gecko) Chrome/134.0.0.0 Safari/537.36",
    "backtrace": [
        "#1 /admin/index.php(138)",
        "#2 /modules/zalo/admin.functions.php(45)",
        "#3 /includes/vendor/vinades/nukeviet/Zalo/MyZalo.php(81)",
        "#4 /includes/vendor/zaloplatform/zalo-php-sdk/src/Zalo.php(77)",
        "#5 /includes/vendor/composer/ClassLoader.php(427)",
        "#6 /includes/vendor/composer/ClassLoader.php(576)"
    ]
}
-------------------
