{
<<<<<<< HEAD
    "time": "Sat, 29 Mar 2025 19:34:14 +0100",
    "server": "localhost",
    "ip": "::1",
    "errno": "8192 (Deprecated Notice)",
    "errstr": "Zalo/ZaloApp implements the Serializable interface, which is deprecated. Implement __serialize() and __unserialize() instead (or in addition, if support for old PHP versions is necessary)",
    "file": "/includes/vendor/zaloplatform/zalo-php-sdk/src/ZaloApp.php",
    "line": 17,
    "request": "/nukeviet-nukeviet2/src/admin/vi/zalo/",
    "method": "GET",
    "agent": "Mozilla/5.0 (Windows NT 10.0; Win64; x64) AppleWebKit/537.36 (KHTML, like Gecko) Chrome/134.0.0.0 Safari/537.36",
    "backtrace": [
        "#1 /admin/index.php(138)",
        "#2 /modules/zalo/admin.functions.php(45)",
        "#3 /includes/vendor/vinades/nukeviet/Zalo/MyZalo.php(81)",
        "#4 /includes/vendor/zaloplatform/zalo-php-sdk/src/Zalo.php(77)",
        "#5 /includes/vendor/composer/ClassLoader.php(427)",
        "#6 /includes/vendor/composer/ClassLoader.php(576)"
=======
    "time": "Sat, 29 Mar 2025 12:39:35 +0100",
    "server": "localhost",
    "ip": "::1",
    "errno": "1024 (User Notice)",
    "errstr": "SQLSTATE&lbrack;23000&rbrack;: Integrity constraint violation: 1062 Duplicate entry 'manager' for key 'PRIMARY'",
    "file": "/admin/modules/setup.php",
    "line": 116,
    "request": "/nukeviet/src/admin/vi/modules/setup/?setmodule=manager&checkss=847b771aa0eb7223ef6008698132625e",
    "method": "GET",
    "agent": "Mozilla/5.0 (Windows NT 10.0; Win64; x64) AppleWebKit/537.36 (KHTML, like Gecko) Chrome/134.0.0.0 Safari/537.36",
    "backtrace": [
        "#1 /admin/index.php(170)",
        "#2 /admin/modules/setup.php(116)"
    ]
}
-------------------
{
    "time": "Sat, 29 Mar 2025 12:47:06 +0100",
    "server": "localhost",
    "ip": "::1",
    "errno": "2 (Warning)",
    "errstr": "file_get_contents(/themes/admin_default/modules/manager/add_category.tpl): Failed to open stream: No such file or directory",
    "file": "/includes/xtemplate.class.php",
    "line": 1333,
    "request": "/nukeviet/src/admin/index.php?language=vi&nv=manager&op=create_category",
    "method": "GET",
    "agent": "Mozilla/5.0 (Windows NT 10.0; Win64; x64) AppleWebKit/537.36 (KHTML, like Gecko) Chrome/134.0.0.0 Safari/537.36",
    "backtrace": [
        "#1 /admin/index.php(170)",
        "#2 /modules/manager/admin/create_category.php(35)",
        "#3 /includes/xtemplate.class.php(395)",
        "#4 /includes/xtemplate.class.php(506)",
        "#5 /includes/xtemplate.class.php(537)",
        "#6 /includes/xtemplate.class.php(1365)",
        "#7 /includes/xtemplate.class.php(1333)"
>>>>>>> 8dc21bebd3dfb08e42a73f3f79bb58c333e79d59
    ]
}
-------------------
